#
# A fatal error has been detected by the Java Runtime Environment:
#
#  SIGSEGV (0xb) at pc=0x00007fb5e488b540, pid=48977, tid=48978
#
# JRE version: OpenJDK Runtime Environment Temurin-17.0.7+7 (17.0.7+7) (build 17.0.7+7)
# Java VM: OpenJDK 64-Bit Server VM Temurin-17.0.7+7 (17.0.7+7, mixed mode, tiered, compressed oops, compressed class ptrs, g1 gc, linux-amd64)
# Problematic frame:
# V  [libjvm.so+0xa8b540]  LinkResolver::resolve_method(LinkInfo const&, Bytecodes::Code, JavaThread*)+0x240
#
# Core dump will be written. Default location: Core dumps may be processed with "/usr/share/apport/apport -p%p -s%s -c%c -d%d -P%P -u%u -g%g -- %E" (or dumping to /home/haider/Desktop/codezbit/TvTracker/core.48977)
#
# If you would like to submit a bug report, please visit:
#   https://github.com/adoptium/adoptium-support/issues
#

---------------  S U M M A R Y ------------

Command Line: -Dapplication.home=/home/haider/.vscode/extensions/redhat.java-1.19.0-linux-x64/jre/17.0.7-linux-x86_64 -Xms8m -Djdk.module.main=jdk.jcmd jdk.jcmd/sun.tools.jcmd.JCmd 14729 VM.uptime

Host: 11th Gen Intel(R) Core(TM) i5-1135G7 @ 2.40GHz, 8 cores, 15G, Ubuntu 22.04.2 LTS
Time: Sun Jun 18 01:41:55 2023 PKT elapsed time: 0.160295 seconds (0d 0h 0m 0s)

---------------  T H R E A D  ---------------

Current thread (0x00007fb5dc025920):  JavaThread "main" [_thread_in_vm, id=48978, stack(0x00007fb5e3c19000,0x00007fb5e3d19000)]

Stack: [0x00007fb5e3c19000,0x00007fb5e3d19000],  sp=0x00007fb5e3d16500,  free space=1013k
Native frames: (J=compiled Java code, j=interpreted, Vv=VM code, C=native code)
V  [libjvm.so+0xa8b540]  LinkResolver::resolve_method(LinkInfo const&, Bytecodes::Code, JavaThread*)+0x240
V  [libjvm.so+0xa8e0f9]  LinkResolver::linktime_resolve_virtual_method(LinkInfo const&, JavaThread*)+0x39
V  [libjvm.so+0xa9026b]  LinkResolver::resolve_invoke(CallInfo&, Handle, constantPoolHandle const&, int, Bytecodes::Code, JavaThread*)+0x22b
V  [libjvm.so+0x81fbbf]  InterpreterRuntime::resolve_invoke(JavaThread*, Bytecodes::Code)+0x15f
V  [libjvm.so+0x8200e7]  InterpreterRuntime::resolve_from_cache(JavaThread*, Bytecodes::Code)+0x37
j  java.lang.invoke.MethodHandles$Lookup.resolveOrFail(BLjava/lang/invoke/MemberName;)Ljava/lang/invoke/MemberName;+40 java.base@17.0.7
j  java.lang.invoke.MethodHandles$Lookup.linkMethodHandleConstant(BLjava/lang/Class;Ljava/lang/String;Ljava/lang/Object;)Ljava/lang/invoke/MethodHandle;+142 java.base@17.0.7
j  java.lang.invoke.MethodHandleNatives.linkMethodHandleConstant(Ljava/lang/Class;ILjava/lang/Class;Ljava/lang/String;Ljava/lang/Object;)Ljava/lang/invoke/MethodHandle;+38 java.base@17.0.7
v  ~StubRoutines::call_stub
V  [libjvm.so+0x825045]  JavaCalls::call_helper(JavaValue*, methodHandle const&, JavaCallArguments*, JavaThread*)+0x315
V  [libjvm.so+0x8253ec]  JavaCalls::call_static(JavaValue*, Klass*, Symbol*, Symbol*, JavaCallArguments*, JavaThread*)+0x10c
V  [libjvm.so+0xe16329]  SystemDictionary::link_method_handle_constant(Klass*, int, Klass*, Symbol*, Symbol*, JavaThread*)+0x3f9
V  [libjvm.so+0x5ff542]  ConstantPool::resolve_constant_at_impl(constantPoolHandle const&, int, int, bool*, JavaThread*)+0x5c2
V  [libjvm.so+0x44c33a]  BootstrapInfo::resolve_bsm(JavaThread*)+0xba
V  [libjvm.so+0xe16a1e]  SystemDictionary::invoke_bootstrap_method(BootstrapInfo&, JavaThread*)+0x2e
V  [libjvm.so+0xa89932]  LinkResolver::resolve_dynamic_call(CallInfo&, BootstrapInfo&, JavaThread*)+0x22
V  [libjvm.so+0xa89ace]  LinkResolver::resolve_invokedynamic(CallInfo&, constantPoolHandle const&, int, JavaThread*)+0xbe
V  [libjvm.so+0x81df7e]  InterpreterRuntime::resolve_invokedynamic(JavaThread*)+0x11e
V  [libjvm.so+0x820235]  InterpreterRuntime::resolve_from_cache(JavaThread*, Bytecodes::Code)+0x185
j  jdk.internal.jimage.BasicImageReader.getResourceBuffer(Ljdk/internal/jimage/ImageLocation;)Ljava/nio/ByteBuffer;+168 java.base@17.0.7
j  jdk.internal.jimage.ImageReader.getResourceBuffer(Ljdk/internal/jimage/ImageLocation;)Ljava/nio/ByteBuffer;+9 java.base@17.0.7
j  jdk.internal.module.SystemModuleFinders$SystemModuleReader.read(Ljava/lang/String;)Ljava/util/Optional;+14 java.base@17.0.7
j  jdk.internal.loader.BuiltinClassLoader.defineClass(Ljava/lang/String;Ljdk/internal/loader/BuiltinClassLoader$LoadedModule;)Ljava/lang/Class;+79 java.base@17.0.7
j  jdk.internal.loader.BuiltinClassLoader.findClassInModuleOrNull(Ljdk/internal/loader/BuiltinClassLoader$LoadedModule;Ljava/lang/String;)Ljava/lang/Class;+9 java.base@17.0.7
j  jdk.internal.loader.BuiltinClassLoader.findClass(Ljava/lang/String;Ljava/lang/String;)Ljava/lang/Class;+42 java.base@17.0.7
j  java.lang.ClassLoader.loadClass(Ljava/lang/Module;Ljava/lang/String;)Ljava/lang/Class;+26 java.base@17.0.7
j  java.lang.Class.forName(Ljava/lang/Module;Ljava/lang/String;)Ljava/lang/Class;+81 java.base@17.0.7
j  sun.launcher.LauncherHelper.loadModuleMainClass(Ljava/lang/String;)Ljava/lang/Class;+151 java.base@17.0.7
j  sun.launcher.LauncherHelper.checkAndLoadMain(ZILjava/lang/String;)Ljava/lang/Class;+33 java.base@17.0.7
v  ~StubRoutines::call_stub
V  [libjvm.so+0x825045]  JavaCalls::call_helper(JavaValue*, methodHandle const&, JavaCallArguments*, JavaThread*)+0x315
V  [libjvm.so+0x8bc5dd]  jni_invoke_static(JNIEnv_*, JavaValue*, _jobject*, JNICallType, _jmethodID*, JNI_ArgumentPusher*, JavaThread*) [clone .constprop.1]+0x38d
V  [libjvm.so+0x8bd538]  jni_CallStaticObjectMethod+0x178
C  [libjli.so+0x4f2c]  JavaMain+0x5ac
C  [libjli.so+0x8d09]  ThreadJavaMain+0x9

Java frames: (J=compiled Java code, j=interpreted, Vv=VM code)
j  java.lang.invoke.MethodHandles$Lookup.resolveOrFail(BLjava/lang/invoke/MemberName;)Ljava/lang/invoke/MemberName;+40 java.base@17.0.7
j  java.lang.invoke.MethodHandles$Lookup.linkMethodHandleConstant(BLjava/lang/Class;Ljava/lang/String;Ljava/lang/Object;)Ljava/lang/invoke/MethodHandle;+142 java.base@17.0.7
j  java.lang.invoke.MethodHandleNatives.linkMethodHandleConstant(Ljava/lang/Class;ILjava/lang/Class;Ljava/lang/String;Ljava/lang/Object;)Ljava/lang/invoke/MethodHandle;+38 java.base@17.0.7
v  ~StubRoutines::call_stub
j  jdk.internal.jimage.BasicImageReader.getResourceBuffer(Ljdk/internal/jimage/ImageLocation;)Ljava/nio/ByteBuffer;+168 java.base@17.0.7
j  jdk.internal.jimage.ImageReader.getResourceBuffer(Ljdk/internal/jimage/ImageLocation;)Ljava/nio/ByteBuffer;+9 java.base@17.0.7
j  jdk.internal.module.SystemModuleFinders$SystemModuleReader.read(Ljava/lang/String;)Ljava/util/Optional;+14 java.base@17.0.7
j  jdk.internal.loader.BuiltinClassLoader.defineClass(Ljava/lang/String;Ljdk/internal/loader/BuiltinClassLoader$LoadedModule;)Ljava/lang/Class;+79 java.base@17.0.7
j  jdk.internal.loader.BuiltinClassLoader.findClassInModuleOrNull(Ljdk/internal/loader/BuiltinClassLoader$LoadedModule;Ljava/lang/String;)Ljava/lang/Class;+9 java.base@17.0.7
j  jdk.internal.loader.BuiltinClassLoader.findClass(Ljava/lang/String;Ljava/lang/String;)Ljava/lang/Class;+42 java.base@17.0.7
j  java.lang.ClassLoader.loadClass(Ljava/lang/Module;Ljava/lang/String;)Ljava/lang/Class;+26 java.base@17.0.7
j  java.lang.Class.forName(Ljava/lang/Module;Ljava/lang/String;)Ljava/lang/Class;+81 java.base@17.0.7
j  sun.launcher.LauncherHelper.loadModuleMainClass(Ljava/lang/String;)Ljava/lang/Class;+151 java.base@17.0.7
j  sun.launcher.LauncherHelper.checkAndLoadMain(ZILjava/lang/String;)Ljava/lang/Class;+33 java.base@17.0.7
v  ~StubRoutines::call_stub

siginfo: si_signo: 11 (SIGSEGV), si_code: 1 (SEGV_MAPERR), si_addr: 0x00000000000000a5

Register to memory mapping:

RAX=0x0 is NULL
RBX=0x00007fb5e3d16770 is pointing into the stack for thread: 0x00007fb5dc025920
RCX=0x0 is NULL
RDX=0x00007fb5dc025920 is a thread
RSP=0x00007fb5e3d16500 is pointing into the stack for thread: 0x00007fb5dc025920
RBP=0x00007fb5e3d16650 is pointing into the stack for thread: 0x00007fb5dc025920
RSI=0x00000000000000b6 is an unknown value
RDI=0x00007fb5e3d16770 is pointing into the stack for thread: 0x00007fb5dc025920
R8 =0x00007fb5dc026450 points into unknown readable memory: 0x00007fb5a82a9b50 | 50 9b 2a a8 b5 7f 00 00
R9 =0x00007fb5e3d16700 is pointing into the stack for thread: 0x00007fb5dc025920
R10=0x0 is NULL
R11=0x00007fb5dc000090 points into unknown readable memory: 0x00007fb5dc22dfe0 | e0 df 22 dc b5 7f 00 00
R12=0x00007fb5dc025920 is a thread
R13=0x0 is NULL
R14=0x0 is NULL
R15=0x00007fb5e3d16770 is pointing into the stack for thread: 0x00007fb5dc025920


Registers:
RAX=0x0000000000000000, RBX=0x00007fb5e3d16770, RCX=0x0000000000000000, RDX=0x00007fb5dc025920
RSP=0x00007fb5e3d16500, RBP=0x00007fb5e3d16650, RSI=0x00000000000000b6, RDI=0x00007fb5e3d16770
R8 =0x00007fb5dc026450, R9 =0x00007fb5e3d16700, R10=0x0000000000000000, R11=0x00007fb5dc000090
R12=0x00007fb5dc025920, R13=0x0000000000000000, R14=0x0000000000000000, R15=0x00007fb5e3d16770
RIP=0x00007fb5e488b540, EFLAGS=0x0000000000010246, CSGSFS=0x002b000000000033, ERR=0x0000000000000004
  TRAPNO=0x000000000000000e

Top of Stack: (sp=0x00007fb5e3d16500)
0x00007fb5e3d16500:   00007fb5e3d16550 00007fb5e4ab6146
0x00007fb5e3d16510:   00007fb5c1771630 000000240000001d
0x00007fb5e3d16520:   00007fb5e3d16590 0000000000000000
0x00007fb5e3d16530:   00007fb5e3d166b0 00007fb5e4c26d11 

Instructions: (pc=0x00007fb5e488b540)
0x00007fb5e488b440:   8d c0 fe ff ff 49 8b 4a 20 48 89 85 d0 fe ff ff
0x00007fb5e488b450:   48 89 8d b8 fe ff ff 49 8b 4a 28 48 89 8d b0 fe
0x00007fb5e488b460:   ff ff e8 f9 ce 19 00 31 c0 48 8d 35 ad b3 55 00
0x00007fb5e488b470:   4c 89 ff e8 d8 c2 19 00 48 8b 4b 08 48 8b 13 4c
0x00007fb5e488b480:   89 f6 4c 89 ff e8 96 6a 11 00 31 c0 48 8d 35 8a
0x00007fb5e488b490:   b3 55 00 4c 89 ff e8 b5 c2 19 00 31 f6 4c 89 ff
0x00007fb5e488b4a0:   e8 bb d0 19 00 4c 8b 8d d8 fe ff ff ba f6 02 00
0x00007fb5e488b4b0:   00 4c 89 e7 49 89 c0 48 8d 05 02 a7 89 00 48 8d
0x00007fb5e488b4c0:   35 23 b4 55 00 48 8b 88 40 05 00 00 e8 df cb c2
0x00007fb5e488b4d0:   ff 4c 89 ff e8 87 b1 19 00 48 8b 85 d0 fe ff ff
0x00007fb5e488b4e0:   4c 8b 95 c8 fe ff ff 48 83 38 00 74 29 48 8b b5
0x00007fb5e488b4f0:   b0 fe ff ff 4c 89 d7 4c 89 95 d8 fe ff ff e8 cd
0x00007fb5e488b500:   54 94 ff 48 8b bd d0 fe ff ff e8 91 49 94 ff 4c
0x00007fb5e488b510:   8b 95 d8 fe ff ff f3 0f 7e 85 d0 fe ff ff 48 8b
0x00007fb5e488b520:   85 b8 fe ff ff 45 31 e4 0f 16 85 c0 fe ff ff 49
0x00007fb5e488b530:   89 42 20 41 0f 11 42 10 e9 98 fe ff ff 0f 1f 00
0x00007fb5e488b540:   41 f6 86 a5 00 00 00 02 0f 84 f6 fd ff ff 4c 8b
0x00007fb5e488b550:   ba 30 02 00 00 4c 89 f7 4c 8d b5 00 ff ff ff 49
0x00007fb5e488b560:   8b 47 18 49 8b 5f 10 4d 8b 6f 20 48 89 85 d8 fe
0x00007fb5e488b570:   ff ff 49 8b 47 28 48 89 85 d0 fe ff ff e8 0e 86
0x00007fb5e488b580:   fc ff 48 8d 15 bf b6 55 00 be c8 00 00 00 4c 89
0x00007fb5e488b590:   f7 48 89 c1 31 c0 e8 95 6a 7c ff 4d 89 f0 ba d0
0x00007fb5e488b5a0:   02 00 00 4c 89 e7 48 8d 05 13 a6 89 00 48 8d 35
0x00007fb5e488b5b0:   34 b3 55 00 48 8b 88 20 05 00 00 e8 20 cc c2 ff
0x00007fb5e488b5c0:   48 83 3b 00 74 17 48 8b b5 d0 fe ff ff 4c 89 ff
0x00007fb5e488b5d0:   e8 fb 53 94 ff 48 89 df e8 c3 48 94 ff 66 48 0f
0x00007fb5e488b5e0:   6e c3 4d 89 6f 20 45 31 e4 0f 16 85 d8 fe ff ff
0x00007fb5e488b5f0:   41 0f 11 47 10 e9 e3 fd ff ff 66 0f 1f 44 00 00
0x00007fb5e488b600:   48 8b 40 08 48 8b 7b 18 4d 89 e0 4c 89 e9 4c 89
0x00007fb5e488b610:   f6 48 8b 40 08 48 8b 50 18 e8 92 ee ff ff 49 83
0x00007fb5e488b620:   7c 24 08 00 0f 84 9a fd ff ff 45 31 e4 e9 a3 fd
0x00007fb5e488b630:   ff ff 66 0f 1f 44 00 00 4c 89 e1 48 8d 15 11 ef 


Stack slot to memory mapping:
stack at sp + 0 slots: 0x00007fb5e3d16550 is pointing into the stack for thread: 0x00007fb5dc025920
stack at sp + 1 slots: 0x00007fb5e4ab6146: <offset 0x0000000000cb6146> in /home/haider/.vscode/extensions/redhat.java-1.19.0-linux-x64/jre/17.0.7-linux-x86_64/lib/server/libjvm.so at 0x00007fb5e3e00000
stack at sp + 2 slots: 0x00007fb5c1771630 points into unknown readable memory: 0x616a001e7171ffff | ff ff 71 71 1e 00 6a 61
stack at sp + 3 slots: 0x000000240000001d is an unknown value
stack at sp + 4 slots: 0x00007fb5e3d16590 is pointing into the stack for thread: 0x00007fb5dc025920
stack at sp + 5 slots: 0x0 is NULL
stack at sp + 6 slots: 0x00007fb5e3d166b0 is pointing into the stack for thread: 0x00007fb5dc025920
stack at sp + 7 slots: 0x00007fb5e4c26d11: <offset 0x0000000000e26d11> in /home/haider/.vscode/extensions/redhat.java-1.19.0-linux-x64/jre/17.0.7-linux-x86_64/lib/server/libjvm.so at 0x00007fb5e3e00000


---------------  P R O C E S S  ---------------

Threads class SMR info:
_java_thread_list=0x00007fb5dc207ab0, length=10, elements={
0x00007fb5dc025920, 0x00007fb5dc152cf0, 0x00007fb5dc154290, 0x00007fb5dc17a630,
0x00007fb5dc17df40, 0x00007fb5dc17ef00, 0x00007fb5dc180580, 0x00007fb5dc181a60,
0x00007fb5dc18aee0, 0x00007fb5dc206d80
}

Java Threads: ( => current thread )
=>0x00007fb5dc025920 JavaThread "main" [_thread_in_vm, id=48978, stack(0x00007fb5e3c19000,0x00007fb5e3d19000)]
  0x00007fb5dc152cf0 JavaThread "Reference Handler" daemon [_thread_blocked, id=48985, stack(0x00007fb5c14ed000,0x00007fb5c15ed000)]
  0x00007fb5dc154290 JavaThread "Finalizer" daemon [_thread_blocked, id=48986, stack(0x00007fb5c13ed000,0x00007fb5c14ed000)]
  0x00007fb5dc17a630 JavaThread "Signal Dispatcher" daemon [_thread_blocked, id=48987, stack(0x00007fb5c1021000,0x00007fb5c1121000)]
  0x00007fb5dc17df40 JavaThread "Service Thread" daemon [_thread_blocked, id=48988, stack(0x00007fb5c0f21000,0x00007fb5c1021000)]
  0x00007fb5dc17ef00 JavaThread "Monitor Deflation Thread" daemon [_thread_blocked, id=48989, stack(0x00007fb5c0e21000,0x00007fb5c0f21000)]
  0x00007fb5dc180580 JavaThread "C2 CompilerThread0" daemon [_thread_blocked, id=48990, stack(0x00007fb5c0d21000,0x00007fb5c0e21000)]
  0x00007fb5dc181a60 JavaThread "C1 CompilerThread0" daemon [_thread_blocked, id=48991, stack(0x00007fb5c0c21000,0x00007fb5c0d21000)]
  0x00007fb5dc18aee0 JavaThread "Sweeper thread" daemon [_thread_blocked, id=48992, stack(0x00007fb5c0b21000,0x00007fb5c0c21000)]
  0x00007fb5dc206d80 JavaThread "Notification Thread" daemon [_thread_blocked, id=48993, stack(0x00007fb5c0a21000,0x00007fb5c0b21000)]

Other Threads:
  0x00007fb5dc142a10 VMThread "VM Thread" [stack: 0x00007fb5c15ef000,0x00007fb5c16ef000] [id=48984]
  0x00007fb5dc107260 WatcherThread [stack: 0x00007fb5c0921000,0x00007fb5c0a21000] [id=48994]
  0x00007fb5dc08f960 GCTaskThread "GC Thread#0" [stack: 0x00007fb5e0522000,0x00007fb5e0622000] [id=48979]
  0x00007fb5dc0a03e0 ConcurrentGCThread "G1 Main Marker" [stack: 0x00007fb5e0420000,0x00007fb5e0520000] [id=48980]
  0x00007fb5dc0a1340 ConcurrentGCThread "G1 Conc#0" [stack: 0x00007fb5e031e000,0x00007fb5e041e000] [id=48981]
  0x00007fb5dc0c91d0 ConcurrentGCThread "G1 Refine#0" [stack: 0x00007fb5c18cf000,0x00007fb5c19cf000] [id=48982]
  0x00007fb5dc0ca0c0 ConcurrentGCThread "G1 Service" [stack: 0x00007fb5c17cd000,0x00007fb5c18cd000] [id=48983]

Threads with active compile tasks:

VM state: not at safepoint (normal execution)

VM Mutex/Monitor currently owned by a thread: None

Heap address: 0x000000070b800000, size: 3912 MB, Compressed Oops mode: Zero based, Oop shift amount: 3

CDS archive(s) not mapped
Compressed class space mapped at: 0x0000000800000000-0x0000000840000000, reserved size: 1073741824
Narrow klass base: 0x0000000800000000, Narrow klass shift: 0, Narrow klass range: 0x40000000

GC Precious Log:
 CPUs: 8 total, 8 available
 Memory: 15644M
 Large Page Support: Disabled
 NUMA Support: Disabled
 Compressed Oops: Enabled (Zero based)
 Heap Region Size: 2M
 Heap Min Capacity: 8M
 Heap Initial Capacity: 8M
 Heap Max Capacity: 3912M
 Pre-touch: Disabled
 Parallel Workers: 8
 Concurrent Workers: 2
 Concurrent Refinement Workers: 8
 Periodic GC: Disabled

Heap:
 garbage-first heap   total 8192K, used 0K [0x000000070b800000, 0x0000000800000000)
  region size 2048K, 1 young (2048K), 0 survivors (0K)
 Metaspace       used 3483K, committed 3584K, reserved 1114112K
  class space    used 324K, committed 384K, reserved 1048576K

Heap Regions: E=young(eden), S=young(survivor), O=old, HS=humongous(starts), HC=humongous(continues), CS=collection set, F=free, OA=open archive, CA=closed archive, TAMS=top-at-mark-start (previous, next)
|   0|0x000000070b800000, 0x000000070b800000, 0x000000070ba00000|  0%| F|  |TAMS 0x000000070b800000, 0x000000070b800000| Untracked 
|   1|0x000000070ba00000, 0x000000070ba00000, 0x000000070bc00000|  0%| F|  |TAMS 0x000000070ba00000, 0x000000070ba00000| Untracked 
|   2|0x000000070bc00000, 0x000000070bc00000, 0x000000070be00000|  0%| F|  |TAMS 0x000000070bc00000, 0x000000070bc00000| Untracked 
|   3|0x000000070be00000, 0x000000070bed5238, 0x000000070c000000| 41%| E|  |TAMS 0x000000070be00000, 0x000000070be00000| Complete 

Card table byte_map: [0x00007fb5cc0b8000,0x00007fb5cc85c000] _byte_map_base: 0x00007fb5c885c000

Marking Bits (Prev, Next): (CMBitMap*) 0x00007fb5dc0903e0, (CMBitMap*) 0x00007fb5dc090420
 Prev Bits: [0x00007fb5c7bf4000, 0x00007fb5cb914000)
 Next Bits: [0x00007fb5c3ed4000, 0x00007fb5c7bf4000)

Polling page: 0x00007fb5e5543000

Metaspace:

Usage:
  Non-class:      3.08 MB used.
      Class:    324.38 KB used.
       Both:      3.40 MB used.

Virtual space:
  Non-class space:       64.00 MB reserved,       3.12 MB (  5%) committed,  1 nodes.
      Class space:        1.00 GB reserved,     384.00 KB ( <1%) committed,  1 nodes.
             Both:        1.06 GB reserved,       3.50 MB ( <1%) committed. 

Chunk freelists:
   Non-Class:  12.00 MB
       Class:  15.62 MB
        Both:  27.62 MB

MaxMetaspaceSize: unlimited
CompressedClassSpaceSize: 1.00 GB
Initial GC threshold: 21.00 MB
Current GC threshold: 21.00 MB
CDS: off
MetaspaceReclaimPolicy: balanced
 - commit_granule_bytes: 65536.
 - commit_granule_words: 8192.
 - virtual_space_node_default_size: 8388608.
 - enlarge_chunks_in_place: 1.
 - new_chunks_are_fully_committed: 0.
 - uncommit_free_chunks: 1.
 - use_allocation_guard: 0.
 - handle_deallocations: 1.


Internal statistics:

num_allocs_failed_limit: 0.
num_arena_births: 2.
num_arena_deaths: 0.
num_vsnodes_births: 2.
num_vsnodes_deaths: 0.
num_space_committed: 56.
num_space_uncommitted: 0.
num_chunks_returned_to_freelist: 0.
num_chunks_taken_from_freelist: 4.
num_chunk_merges: 0.
num_chunk_splits: 2.
num_chunks_enlarged: 0.
num_inconsistent_stats: 0.

CodeHeap 'non-profiled nmethods': size=120028Kb used=18Kb max_used=18Kb free=120009Kb
 bounds [0x00007fb5d4ac9000, 0x00007fb5d4d39000, 0x00007fb5dc000000]
CodeHeap 'profiled nmethods': size=120028Kb used=104Kb max_used=104Kb free=119923Kb
 bounds [0x00007fb5cd000000, 0x00007fb5cd270000, 0x00007fb5d4537000]
CodeHeap 'non-nmethods': size=5704Kb used=1048Kb max_used=1048Kb free=4655Kb
 bounds [0x00007fb5d4537000, 0x00007fb5d47a7000, 0x00007fb5d4ac9000]
 total_blobs=383 nmethods=84 adapters=213
 compilation: enabled
              stopped_count=0, restarted_count=0
 full_count=0

Compilation events (20 events):
Event: 0.127 Thread 0x00007fb5dc181a60   71       3       java.util.concurrent.ConcurrentHashMap::casTabAt (21 bytes)
Event: 0.127 Thread 0x00007fb5dc181a60 nmethod 71 0x00007fb5cd017d90 code [0x00007fb5cd017f20, 0x00007fb5cd018090]
Event: 0.127 Thread 0x00007fb5dc181a60   77       3       java.util.AbstractMap::<init> (5 bytes)
Event: 0.127 Thread 0x00007fb5dc181a60 nmethod 77 0x00007fb5cd018110 code [0x00007fb5cd0182c0, 0x00007fb5cd018410]
Event: 0.127 Thread 0x00007fb5dc181a60   78       3       java.util.AbstractSet::<init> (5 bytes)
Event: 0.127 Thread 0x00007fb5dc181a60 nmethod 78 0x00007fb5cd018510 code [0x00007fb5cd0186c0, 0x00007fb5cd018870]
Event: 0.127 Thread 0x00007fb5dc181a60   79       3       java.util.ImmutableCollections$Set12$1::next (95 bytes)
Event: 0.127 Thread 0x00007fb5dc181a60 nmethod 79 0x00007fb5cd018990 code [0x00007fb5cd018b60, 0x00007fb5cd018e00]
Event: 0.128 Thread 0x00007fb5dc181a60   80       1       java.lang.module.ResolvedModule::reference (5 bytes)
Event: 0.128 Thread 0x00007fb5dc181a60 nmethod 80 0x00007fb5d4acd590 code [0x00007fb5d4acd720, 0x00007fb5d4acd7f0]
Event: 0.128 Thread 0x00007fb5dc181a60   81       1       java.lang.module.ModuleDescriptor$Provides::service (5 bytes)
Event: 0.128 Thread 0x00007fb5dc181a60 nmethod 81 0x00007fb5d4acd890 code [0x00007fb5d4acda20, 0x00007fb5d4acdaf0]
Event: 0.128 Thread 0x00007fb5dc181a60   82       3       java.lang.Math::min (11 bytes)
Event: 0.128 Thread 0x00007fb5dc181a60 nmethod 82 0x00007fb5cd018f10 code [0x00007fb5cd0190a0, 0x00007fb5cd0191d0]
Event: 0.136 Thread 0x00007fb5dc181a60   83       3       java.lang.String::charAt (25 bytes)
Event: 0.136 Thread 0x00007fb5dc181a60 nmethod 83 0x00007fb5cd019290 code [0x00007fb5cd019480, 0x00007fb5cd019850]
Event: 0.136 Thread 0x00007fb5dc181a60   84       3       java.lang.StringLatin1::charAt (28 bytes)
Event: 0.136 Thread 0x00007fb5dc181a60 nmethod 84 0x00007fb5cd019990 code [0x00007fb5cd019b40, 0x00007fb5cd019d40]
Event: 0.137 Thread 0x00007fb5dc181a60   85       3       java.lang.String::isEmpty (14 bytes)
Event: 0.137 Thread 0x00007fb5dc181a60 nmethod 85 0x00007fb5cd019e10 code [0x00007fb5cd019fa0, 0x00007fb5cd01a110]

GC Heap History (0 events):
No events

Dll operation events (3 events):
Event: 0.003 Loaded shared library /home/haider/.vscode/extensions/redhat.java-1.19.0-linux-x64/jre/17.0.7-linux-x86_64/lib/libjava.so
Event: 0.138 Loaded shared library /home/haider/.vscode/extensions/redhat.java-1.19.0-linux-x64/jre/17.0.7-linux-x86_64/lib/libnio.so
Event: 0.143 Loaded shared library /home/haider/.vscode/extensions/redhat.java-1.19.0-linux-x64/jre/17.0.7-linux-x86_64/lib/libjimage.so

Deoptimization events (0 events):
No events

Classes unloaded (0 events):
No events

Classes redefined (0 events):
No events

Internal exceptions (1 events):
Event: 0.151 Thread 0x00007fb5dc025920 Exception <a 'java/lang/NoClassDefFoundError'{0x000000070bed0a40}: > (0x000000070bed0a40) 
thrown [src/hotspot/share/classfile/systemDictionary.cpp, line 254]

VM Operations (0 events):
No events

Events (20 events):
Event: 0.148 loading class jdk/internal/misc/TerminatingThreadLocal
Event: 0.149 loading class jdk/internal/misc/TerminatingThreadLocal done
Event: 0.149 loading class java/util/AbstractMap$SimpleEntry
Event: 0.149 loading class java/util/AbstractMap$SimpleEntry done
Event: 0.149 loading class java/util/Arrays$LegacyMergeSort
Event: 0.149 loading class java/util/Arrays$LegacyMergeSort done
Event: 0.149 loading class sun/security/action/GetBooleanAction
Event: 0.149 loading class sun/security/action/GetBooleanAction done
Event: 0.149 loading class java/util/TimSort
Event: 0.149 loading class java/util/TimSort done
Event: 0.149 loading class java/lang/invoke/LambdaMetafactory
Event: 0.149 loading class java/lang/invoke/LambdaMetafactory done
Event: 0.150 loading class java/lang/invoke/MethodType$ConcurrentWeakInternSet
Event: 0.150 loading class java/lang/invoke/MethodType$ConcurrentWeakInternSet done
Event: 0.150 loading class java/lang/Void
Event: 0.150 loading class java/lang/Void done
Event: 0.150 loading class java/lang/invoke/MethodTypeForm
Event: 0.150 loading class java/lang/invoke/MethodTypeForm done
Event: 0.150 loading class java/lang/invoke/MethodType$ConcurrentWeakInternSet$WeakEntry
Event: 0.151 loading class java/lang/invoke/MethodType$ConcurrentWeakInternSet$WeakEntry done


Dynamic libraries:
70b800000-70c000000 rw-p 00000000 00:00 0 
70c000000-800020000 ---p 00000000 00:00 0 
800020000-800040000 rw-p 00000000 00:00 0 
800040000-800080000 rw-p 00000000 00:00 0 
800080000-840000000 ---p 00000000 00:00 0 
562edb9c2000-562edb9c3000 r--p 00000000 103:02 9308415                   /home/haider/.vscode/extensions/redhat.java-1.19.0-linux-x64/jre/17.0.7-linux-x86_64/bin/jcmd
562edb9c3000-562edb9c4000 r-xp 00001000 103:02 9308415                   /home/haider/.vscode/extensions/redhat.java-1.19.0-linux-x64/jre/17.0.7-linux-x86_64/bin/jcmd
562edb9c4000-562edb9c5000 r--p 00002000 103:02 9308415                   /home/haider/.vscode/extensions/redhat.java-1.19.0-linux-x64/jre/17.0.7-linux-x86_64/bin/jcmd
562edb9c5000-562edb9c6000 r--p 00002000 103:02 9308415                   /home/haider/.vscode/extensions/redhat.java-1.19.0-linux-x64/jre/17.0.7-linux-x86_64/bin/jcmd
562edb9c6000-562edb9c7000 rw-p 00003000 103:02 9308415                   /home/haider/.vscode/extensions/redhat.java-1.19.0-linux-x64/jre/17.0.7-linux-x86_64/bin/jcmd
562edbec2000-562edbf0a000 rw-p 00000000 00:00 0                          [heap]
7fb578000000-7fb578021000 rw-p 00000000 00:00 0 
7fb578021000-7fb57c000000 ---p 00000000 00:00 0 
7fb580000000-7fb580021000 rw-p 00000000 00:00 0 
7fb580021000-7fb584000000 ---p 00000000 00:00 0 
7fb584000000-7fb584021000 rw-p 00000000 00:00 0 
7fb584021000-7fb588000000 ---p 00000000 00:00 0 
7fb588000000-7fb5880cf000 rw-p 00000000 00:00 0 
7fb5880cf000-7fb58c000000 ---p 00000000 00:00 0 
7fb58c000000-7fb58c067000 rw-p 00000000 00:00 0 
7fb58c067000-7fb590000000 ---p 00000000 00:00 0 
7fb590000000-7fb590021000 rw-p 00000000 00:00 0 
7fb590021000-7fb594000000 ---p 00000000 00:00 0 
7fb594000000-7fb594021000 rw-p 00000000 00:00 0 
7fb594021000-7fb598000000 ---p 00000000 00:00 0 
7fb598000000-7fb598021000 rw-p 00000000 00:00 0 
7fb598021000-7fb59c000000 ---p 00000000 00:00 0 
7fb59c000000-7fb59c021000 rw-p 00000000 00:00 0 
7fb59c021000-7fb5a0000000 ---p 00000000 00:00 0 
7fb5a0000000-7fb5a0021000 rw-p 00000000 00:00 0 
7fb5a0021000-7fb5a4000000 ---p 00000000 00:00 0 
7fb5a4000000-7fb5a4021000 rw-p 00000000 00:00 0 
7fb5a4021000-7fb5a8000000 ---p 00000000 00:00 0 
7fb5a8000000-7fb5a8320000 rw-p 00000000 00:00 0 
7fb5a8320000-7fb5ac000000 ---p 00000000 00:00 0 
7fb5ac000000-7fb5ac021000 rw-p 00000000 00:00 0 
7fb5ac021000-7fb5b0000000 ---p 00000000 00:00 0 
7fb5b0000000-7fb5b0021000 rw-p 00000000 00:00 0 
7fb5b0021000-7fb5b4000000 ---p 00000000 00:00 0 
7fb5b4000000-7fb5b4021000 rw-p 00000000 00:00 0 
7fb5b4021000-7fb5b8000000 ---p 00000000 00:00 0 
7fb5b8000000-7fb5b8021000 rw-p 00000000 00:00 0 
7fb5b8021000-7fb5bc000000 ---p 00000000 00:00 0 
7fb5bc000000-7fb5bc021000 rw-p 00000000 00:00 0 
7fb5bc021000-7fb5c0000000 ---p 00000000 00:00 0 
7fb5c0500000-7fb5c091f000 rw-p 00000000 00:00 0 
7fb5c091f000-7fb5c0920000 ---p 00000000 00:00 0 
7fb5c0920000-7fb5c0a21000 rw-p 00000000 00:00 0 
7fb5c0a21000-7fb5c0a25000 ---p 00000000 00:00 0 
7fb5c0a25000-7fb5c0b21000 rw-p 00000000 00:00 0 
7fb5c0b21000-7fb5c0b25000 ---p 00000000 00:00 0 
7fb5c0b25000-7fb5c0c21000 rw-p 00000000 00:00 0 
7fb5c0c21000-7fb5c0c25000 ---p 00000000 00:00 0 
7fb5c0c25000-7fb5c0d21000 rw-p 00000000 00:00 0 
7fb5c0d21000-7fb5c0d25000 ---p 00000000 00:00 0 
7fb5c0d25000-7fb5c0e21000 rw-p 00000000 00:00 0 
7fb5c0e21000-7fb5c0e25000 ---p 00000000 00:00 0 
7fb5c0e25000-7fb5c0f21000 rw-p 00000000 00:00 0 
7fb5c0f21000-7fb5c0f25000 ---p 00000000 00:00 0 
7fb5c0f25000-7fb5c1021000 rw-p 00000000 00:00 0 
7fb5c1021000-7fb5c1025000 ---p 00000000 00:00 0 
7fb5c1025000-7fb5c1121000 rw-p 00000000 00:00 0 
7fb5c1121000-7fb5c1175000 r--p 00000000 07:04 187                        /snap/code/132/usr/lib/locale/aa_DJ.utf8/LC_CTYPE
7fb5c1175000-7fb5c13ed000 r--p 00000000 07:04 186                        /snap/code/132/usr/lib/locale/aa_DJ.utf8/LC_COLLATE
7fb5c13ed000-7fb5c13f1000 ---p 00000000 00:00 0 
7fb5c13f1000-7fb5c14ed000 rw-p 00000000 00:00 0 
7fb5c14ed000-7fb5c14f1000 ---p 00000000 00:00 0 
7fb5c14f1000-7fb5c15ed000 rw-p 00000000 00:00 0 
7fb5c15ed000-7fb5c15ee000 ---p 00000000 00:00 0 
7fb5c15ee000-7fb5c17cb000 rw-p 00000000 00:00 0 
7fb5c17cb000-7fb5c17cc000 ---p 00000000 00:00 0 
7fb5c17cc000-7fb5c18cd000 rw-p 00000000 00:00 0 
7fb5c18cd000-7fb5c18ce000 ---p 00000000 00:00 0 
7fb5c18ce000-7fb5c3ef4000 rw-p 00000000 00:00 0 
7fb5c3ef4000-7fb5c7bf4000 ---p 00000000 00:00 0 
7fb5c7bf4000-7fb5c7c14000 rw-p 00000000 00:00 0 
7fb5c7c14000-7fb5cb914000 ---p 00000000 00:00 0 
7fb5cb914000-7fb5cb918000 rw-p 00000000 00:00 0 
7fb5cb918000-7fb5cc0b8000 ---p 00000000 00:00 0 
7fb5cc0b8000-7fb5cc0bc000 rw-p 00000000 00:00 0 
7fb5cc0bc000-7fb5cc85c000 ---p 00000000 00:00 0 
7fb5cc85c000-7fb5cc860000 rw-p 00000000 00:00 0 
7fb5cc860000-7fb5cd000000 ---p 00000000 00:00 0 
7fb5cd000000-7fb5cd270000 rwxp 00000000 00:00 0 
7fb5cd270000-7fb5d4537000 ---p 00000000 00:00 0 
7fb5d4537000-7fb5d47a7000 rwxp 00000000 00:00 0 
7fb5d47a7000-7fb5d4ac9000 ---p 00000000 00:00 0 
7fb5d4ac9000-7fb5d4d39000 rwxp 00000000 00:00 0 
7fb5d4d39000-7fb5dc000000 ---p 00000000 00:00 0 
7fb5dc000000-7fb5dc22e000 rw-p 00000000 00:00 0 
7fb5dc22e000-7fb5e0000000 ---p 00000000 00:00 0 
7fb5e0019000-7fb5e031c000 rw-p 00000000 00:00 0 
7fb5e031c000-7fb5e031d000 ---p 00000000 00:00 0 
7fb5e031d000-7fb5e041e000 rw-p 00000000 00:00 0 
7fb5e041e000-7fb5e041f000 ---p 00000000 00:00 0 
7fb5e041f000-7fb5e0520000 rw-p 00000000 00:00 0 
7fb5e0520000-7fb5e0521000 ---p 00000000 00:00 0 
7fb5e0521000-7fb5e0e2f000 rw-p 00000000 00:00 0 
7fb5e0e2f000-7fb5e0f15000 ---p 00000000 00:00 0 
7fb5e0f15000-7fb5e0f1a000 rw-p 00000000 00:00 0 
7fb5e0f1a000-7fb5e1000000 ---p 00000000 00:00 0 
7fb5e1000000-7fb5e3c16000 r--s 00000000 103:02 9309040                   /home/haider/.vscode/extensions/redhat.java-1.19.0-linux-x64/jre/17.0.7-linux-x86_64/lib/modules
7fb5e3c19000-7fb5e3c1d000 ---p 00000000 00:00 0 
7fb5e3c1d000-7fb5e3d19000 rw-p 00000000 00:00 0 
7fb5e3d19000-7fb5e3d27000 r--p 00000000 103:02 12610408                  /usr/lib/x86_64-linux-gnu/libm.so.6
7fb5e3d27000-7fb5e3da3000 r-xp 0000e000 103:02 12610408                  /usr/lib/x86_64-linux-gnu/libm.so.6
7fb5e3da3000-7fb5e3dfe000 r--p 0008a000 103:02 12610408                  /usr/lib/x86_64-linux-gnu/libm.so.6
7fb5e3dfe000-7fb5e3dff000 r--p 000e4000 103:02 12610408                  /usr/lib/x86_64-linux-gnu/libm.so.6
7fb5e3dff000-7fb5e3e00000 rw-p 000e5000 103:02 12610408                  /usr/lib/x86_64-linux-gnu/libm.so.6
7fb5e3e00000-7fb5e4052000 r--p 00000000 103:02 9309050                   /home/haider/.vscode/extensions/redhat.java-1.19.0-linux-x64/jre/17.0.7-linux-x86_64/lib/server/libjvm.so
7fb5e4052000-7fb5e4d72000 r-xp 00252000 103:02 9309050                   /home/haider/.vscode/extensions/redhat.java-1.19.0-linux-x64/jre/17.0.7-linux-x86_64/lib/server/libjvm.so
7fb5e4d72000-7fb5e4ffe000 r--p 00f72000 103:02 9309050                   /home/haider/.vscode/extensions/redhat.java-1.19.0-linux-x64/jre/17.0.7-linux-x86_64/lib/server/libjvm.so
7fb5e4ffe000-7fb5e4fff000 ---p 011fe000 103:02 9309050                   /home/haider/.vscode/extensions/redhat.java-1.19.0-linux-x64/jre/17.0.7-linux-x86_64/lib/server/libjvm.so
7fb5e4fff000-7fb5e50b8000 r--p 011fe000 103:02 9309050                   /home/haider/.vscode/extensions/redhat.java-1.19.0-linux-x64/jre/17.0.7-linux-x86_64/lib/server/libjvm.so
7fb5e50b8000-7fb5e50ed000 rw-p 012b7000 103:02 9309050                   /home/haider/.vscode/extensions/redhat.java-1.19.0-linux-x64/jre/17.0.7-linux-x86_64/lib/server/libjvm.so
7fb5e50ed000-7fb5e5147000 rw-p 00000000 00:00 0 
7fb5e5169000-7fb5e516d000 r--p 00000000 103:02 9309031                   /home/haider/.vscode/extensions/redhat.java-1.19.0-linux-x64/jre/17.0.7-linux-x86_64/lib/libnet.so
7fb5e516d000-7fb5e517b000 r-xp 00004000 103:02 9309031                   /home/haider/.vscode/extensions/redhat.java-1.19.0-linux-x64/jre/17.0.7-linux-x86_64/lib/libnet.so
7fb5e517b000-7fb5e517f000 r--p 00012000 103:02 9309031                   /home/haider/.vscode/extensions/redhat.java-1.19.0-linux-x64/jre/17.0.7-linux-x86_64/lib/libnet.so
7fb5e517f000-7fb5e5180000 r--p 00015000 103:02 9309031                   /home/haider/.vscode/extensions/redhat.java-1.19.0-linux-x64/jre/17.0.7-linux-x86_64/lib/libnet.so
7fb5e5180000-7fb5e5181000 rw-p 00016000 103:02 9309031                   /home/haider/.vscode/extensions/redhat.java-1.19.0-linux-x64/jre/17.0.7-linux-x86_64/lib/libnet.so
7fb5e5181000-7fb5e5200000 rw-p 00000000 00:00 0 
7fb5e5200000-7fb5e5228000 r--p 00000000 103:02 12609757                  /usr/lib/x86_64-linux-gnu/libc.so.6
7fb5e5228000-7fb5e53bd000 r-xp 00028000 103:02 12609757                  /usr/lib/x86_64-linux-gnu/libc.so.6
7fb5e53bd000-7fb5e5415000 r--p 001bd000 103:02 12609757                  /usr/lib/x86_64-linux-gnu/libc.so.6
7fb5e5415000-7fb5e5419000 r--p 00214000 103:02 12609757                  /usr/lib/x86_64-linux-gnu/libc.so.6
7fb5e5419000-7fb5e541b000 rw-p 00218000 103:02 12609757                  /usr/lib/x86_64-linux-gnu/libc.so.6
7fb5e541b000-7fb5e5428000 rw-p 00000000 00:00 0 
7fb5e5430000-7fb5e5437000 r--p 00000000 103:02 9309032                   /home/haider/.vscode/extensions/redhat.java-1.19.0-linux-x64/jre/17.0.7-linux-x86_64/lib/libnio.so
7fb5e5437000-7fb5e5440000 r-xp 00007000 103:02 9309032                   /home/haider/.vscode/extensions/redhat.java-1.19.0-linux-x64/jre/17.0.7-linux-x86_64/lib/libnio.so
7fb5e5440000-7fb5e5444000 r--p 00010000 103:02 9309032                   /home/haider/.vscode/extensions/redhat.java-1.19.0-linux-x64/jre/17.0.7-linux-x86_64/lib/libnio.so
7fb5e5444000-7fb5e5445000 ---p 00014000 103:02 9309032                   /home/haider/.vscode/extensions/redhat.java-1.19.0-linux-x64/jre/17.0.7-linux-x86_64/lib/libnio.so
7fb5e5445000-7fb5e5446000 r--p 00014000 103:02 9309032                   /home/haider/.vscode/extensions/redhat.java-1.19.0-linux-x64/jre/17.0.7-linux-x86_64/lib/libnio.so
7fb5e5446000-7fb5e5447000 rw-p 00015000 103:02 9309032                   /home/haider/.vscode/extensions/redhat.java-1.19.0-linux-x64/jre/17.0.7-linux-x86_64/lib/libnio.so
7fb5e5447000-7fb5e5448000 r--p 00000000 07:04 236                        /snap/code/132/usr/lib/locale/aa_ET/LC_NUMERIC
7fb5e5448000-7fb5e544f000 r--s 00000000 103:02 12612180                  /usr/lib/x86_64-linux-gnu/gconv/gconv-modules.cache
7fb5e544f000-7fb5e5451000 r--p 00000000 103:02 9309039                   /home/haider/.vscode/extensions/redhat.java-1.19.0-linux-x64/jre/17.0.7-linux-x86_64/lib/libzip.so
7fb5e5451000-7fb5e5455000 r-xp 00002000 103:02 9309039                   /home/haider/.vscode/extensions/redhat.java-1.19.0-linux-x64/jre/17.0.7-linux-x86_64/lib/libzip.so
7fb5e5455000-7fb5e5457000 r--p 00006000 103:02 9309039                   /home/haider/.vscode/extensions/redhat.java-1.19.0-linux-x64/jre/17.0.7-linux-x86_64/lib/libzip.so
7fb5e5457000-7fb5e5458000 r--p 00007000 103:02 9309039                   /home/haider/.vscode/extensions/redhat.java-1.19.0-linux-x64/jre/17.0.7-linux-x86_64/lib/libzip.so
7fb5e5458000-7fb5e5459000 rw-p 00008000 103:02 9309039                   /home/haider/.vscode/extensions/redhat.java-1.19.0-linux-x64/jre/17.0.7-linux-x86_64/lib/libzip.so
7fb5e5459000-7fb5e549f000 rw-p 00000000 00:00 0 
7fb5e549f000-7fb5e54a6000 ---p 00000000 00:00 0 
7fb5e54a6000-7fb5e54b3000 r--p 00000000 103:02 9309018                   /home/haider/.vscode/extensions/redhat.java-1.19.0-linux-x64/jre/17.0.7-linux-x86_64/lib/libjava.so
7fb5e54b3000-7fb5e54c5000 r-xp 0000d000 103:02 9309018                   /home/haider/.vscode/extensions/redhat.java-1.19.0-linux-x64/jre/17.0.7-linux-x86_64/lib/libjava.so
7fb5e54c5000-7fb5e54cb000 r--p 0001f000 103:02 9309018                   /home/haider/.vscode/extensions/redhat.java-1.19.0-linux-x64/jre/17.0.7-linux-x86_64/lib/libjava.so
7fb5e54cb000-7fb5e54cc000 ---p 00025000 103:02 9309018                   /home/haider/.vscode/extensions/redhat.java-1.19.0-linux-x64/jre/17.0.7-linux-x86_64/lib/libjava.so
7fb5e54cc000-7fb5e54cd000 r--p 00025000 103:02 9309018                   /home/haider/.vscode/extensions/redhat.java-1.19.0-linux-x64/jre/17.0.7-linux-x86_64/lib/libjava.so
7fb5e54cd000-7fb5e54ce000 rw-p 00026000 103:02 9309018                   /home/haider/.vscode/extensions/redhat.java-1.19.0-linux-x64/jre/17.0.7-linux-x86_64/lib/libjava.so
7fb5e54ce000-7fb5e54cf000 rw-p 00000000 00:00 0 
7fb5e54cf000-7fb5e54d3000 r--p 00000000 103:02 9309022                   /home/haider/.vscode/extensions/redhat.java-1.19.0-linux-x64/jre/17.0.7-linux-x86_64/lib/libjimage.so
7fb5e54d3000-7fb5e54e6000 r-xp 00004000 103:02 9309022                   /home/haider/.vscode/extensions/redhat.java-1.19.0-linux-x64/jre/17.0.7-linux-x86_64/lib/libjimage.so
7fb5e54e6000-7fb5e54ec000 r--p 00017000 103:02 9309022                   /home/haider/.vscode/extensions/redhat.java-1.19.0-linux-x64/jre/17.0.7-linux-x86_64/lib/libjimage.so
7fb5e54ec000-7fb5e54ee000 r--p 0001c000 103:02 9309022                   /home/haider/.vscode/extensions/redhat.java-1.19.0-linux-x64/jre/17.0.7-linux-x86_64/lib/libjimage.so
7fb5e54ee000-7fb5e54ef000 rw-p 0001e000 103:02 9309022                   /home/haider/.vscode/extensions/redhat.java-1.19.0-linux-x64/jre/17.0.7-linux-x86_64/lib/libjimage.so
7fb5e54ef000-7fb5e54f0000 r--p 00000000 103:02 12610733                  /usr/lib/x86_64-linux-gnu/librt.so.1
7fb5e54f0000-7fb5e54f1000 r-xp 00001000 103:02 12610733                  /usr/lib/x86_64-linux-gnu/librt.so.1
7fb5e54f1000-7fb5e54f2000 r--p 00002000 103:02 12610733                  /usr/lib/x86_64-linux-gnu/librt.so.1
7fb5e54f2000-7fb5e54f3000 r--p 00002000 103:02 12610733                  /usr/lib/x86_64-linux-gnu/librt.so.1
7fb5e54f3000-7fb5e54f4000 rw-p 00003000 103:02 12610733                  /usr/lib/x86_64-linux-gnu/librt.so.1
7fb5e54f4000-7fb5e54f9000 rw-p 00000000 00:00 0 
7fb5e54f9000-7fb5e54fa000 r--p 00000000 103:02 12609899                  /usr/lib/x86_64-linux-gnu/libdl.so.2
7fb5e54fa000-7fb5e54fb000 r-xp 00001000 103:02 12609899                  /usr/lib/x86_64-linux-gnu/libdl.so.2
7fb5e54fb000-7fb5e54fc000 r--p 00002000 103:02 12609899                  /usr/lib/x86_64-linux-gnu/libdl.so.2
7fb5e54fc000-7fb5e54fd000 r--p 00002000 103:02 12609899                  /usr/lib/x86_64-linux-gnu/libdl.so.2
7fb5e54fd000-7fb5e54fe000 rw-p 00003000 103:02 12609899                  /usr/lib/x86_64-linux-gnu/libdl.so.2
7fb5e54fe000-7fb5e54ff000 r--p 00000000 103:02 12610677                  /usr/lib/x86_64-linux-gnu/libpthread.so.0
7fb5e54ff000-7fb5e5500000 r-xp 00001000 103:02 12610677                  /usr/lib/x86_64-linux-gnu/libpthread.so.0
7fb5e5500000-7fb5e5501000 r--p 00002000 103:02 12610677                  /usr/lib/x86_64-linux-gnu/libpthread.so.0
7fb5e5501000-7fb5e5502000 r--p 00002000 103:02 12610677                  /usr/lib/x86_64-linux-gnu/libpthread.so.0
7fb5e5502000-7fb5e5503000 rw-p 00003000 103:02 12610677                  /usr/lib/x86_64-linux-gnu/libpthread.so.0
7fb5e5503000-7fb5e5506000 r--p 00000000 103:02 9309023                   /home/haider/.vscode/extensions/redhat.java-1.19.0-linux-x64/jre/17.0.7-linux-x86_64/lib/libjli.so
7fb5e5506000-7fb5e5510000 r-xp 00003000 103:02 9309023                   /home/haider/.vscode/extensions/redhat.java-1.19.0-linux-x64/jre/17.0.7-linux-x86_64/lib/libjli.so
7fb5e5510000-7fb5e5513000 r--p 0000d000 103:02 9309023                   /home/haider/.vscode/extensions/redhat.java-1.19.0-linux-x64/jre/17.0.7-linux-x86_64/lib/libjli.so
7fb5e5513000-7fb5e5514000 ---p 00010000 103:02 9309023                   /home/haider/.vscode/extensions/redhat.java-1.19.0-linux-x64/jre/17.0.7-linux-x86_64/lib/libjli.so
7fb5e5514000-7fb5e5515000 r--p 00010000 103:02 9309023                   /home/haider/.vscode/extensions/redhat.java-1.19.0-linux-x64/jre/17.0.7-linux-x86_64/lib/libjli.so
7fb5e5515000-7fb5e5516000 rw-p 00011000 103:02 9309023                   /home/haider/.vscode/extensions/redhat.java-1.19.0-linux-x64/jre/17.0.7-linux-x86_64/lib/libjli.so
7fb5e5516000-7fb5e5518000 r--p 00000000 103:02 12611111                  /usr/lib/x86_64-linux-gnu/libz.so.1.2.11
7fb5e5518000-7fb5e5529000 r-xp 00002000 103:02 12611111                  /usr/lib/x86_64-linux-gnu/libz.so.1.2.11
7fb5e5529000-7fb5e552f000 r--p 00013000 103:02 12611111                  /usr/lib/x86_64-linux-gnu/libz.so.1.2.11
7fb5e552f000-7fb5e5530000 ---p 00019000 103:02 12611111                  /usr/lib/x86_64-linux-gnu/libz.so.1.2.11
7fb5e5530000-7fb5e5531000 r--p 00019000 103:02 12611111                  /usr/lib/x86_64-linux-gnu/libz.so.1.2.11
7fb5e5531000-7fb5e5532000 rw-p 0001a000 103:02 12611111                  /usr/lib/x86_64-linux-gnu/libz.so.1.2.11
7fb5e5532000-7fb5e5533000 r--p 00000000 07:04 6721                       /snap/code/132/usr/lib/locale/ur_PK/LC_TIME
7fb5e5533000-7fb5e5534000 r--p 00000000 07:04 5372                       /snap/code/132/usr/lib/locale/pa_PK/LC_MONETARY
7fb5e5534000-7fb5e5535000 r--p 00000000 07:04 1955                       /snap/code/132/usr/lib/locale/en_AG/LC_MESSAGES/SYS_LC_MESSAGES
7fb5e5535000-7fb5e5536000 r--p 00000000 07:04 195                        /snap/code/132/usr/lib/locale/aa_DJ.utf8/LC_PAPER
7fb5e5536000-7fb5e5537000 r--p 00000000 07:04 277                        /snap/code/132/usr/lib/locale/agr_PE/LC_NAME
7fb5e5537000-7fb5e5538000 r--p 00000000 07:04 6709                       /snap/code/132/usr/lib/locale/ur_PK/LC_ADDRESS
7fb5e5538000-7fb5e5539000 r--p 00000000 07:04 5376                       /snap/code/132/usr/lib/locale/pa_PK/LC_TELEPHONE
7fb5e5539000-7fb5e553a000 r--p 00000000 07:04 189                        /snap/code/132/usr/lib/locale/aa_DJ.utf8/LC_MEASUREMENT
7fb5e553a000-7fb5e553b000 r--p 00000000 07:04 6712                       /snap/code/132/usr/lib/locale/ur_PK/LC_IDENTIFICATION
7fb5e553b000-7fb5e5543000 rw-s 00000000 103:02 5290657                   /tmp/hsperfdata_haider/48977
7fb5e5543000-7fb5e5544000 ---p 00000000 00:00 0 
7fb5e5544000-7fb5e5545000 r--p 00000000 00:00 0 
7fb5e5545000-7fb5e5547000 rw-p 00000000 00:00 0 
7fb5e5547000-7fb5e5549000 r--p 00000000 103:02 12609415                  /usr/lib/x86_64-linux-gnu/ld-linux-x86-64.so.2
7fb5e5549000-7fb5e5573000 r-xp 00002000 103:02 12609415                  /usr/lib/x86_64-linux-gnu/ld-linux-x86-64.so.2
7fb5e5573000-7fb5e557e000 r--p 0002c000 103:02 12609415                  /usr/lib/x86_64-linux-gnu/ld-linux-x86-64.so.2
7fb5e557e000-7fb5e557f000 ---p 00000000 00:00 0 
7fb5e557f000-7fb5e5581000 r--p 00037000 103:02 12609415                  /usr/lib/x86_64-linux-gnu/ld-linux-x86-64.so.2
7fb5e5581000-7fb5e5583000 rw-p 00039000 103:02 12609415                  /usr/lib/x86_64-linux-gnu/ld-linux-x86-64.so.2
7ffd220b1000-7ffd220d3000 rw-p 00000000 00:00 0                          [stack]
7ffd221c0000-7ffd221c4000 r--p 00000000 00:00 0                          [vvar]
7ffd221c4000-7ffd221c6000 r-xp 00000000 00:00 0                          [vdso]
ffffffffff600000-ffffffffff601000 --xp 00000000 00:00 0                  [vsyscall]


VM Arguments:
jvm_args: -Dapplication.home=/home/haider/.vscode/extensions/redhat.java-1.19.0-linux-x64/jre/17.0.7-linux-x86_64 -Xms8m -Djdk.module.main=jdk.jcmd 
java_command: jdk.jcmd/sun.tools.jcmd.JCmd 14729 VM.uptime
java_class_path (initial): <not set>
Launcher Type: SUN_STANDARD

[Global flags]
     intx CICompilerCount                          = 4                                         {product} {ergonomic}
     uint ConcGCThreads                            = 2                                         {product} {ergonomic}
     uint G1ConcRefinementThreads                  = 8                                         {product} {ergonomic}
   size_t G1HeapRegionSize                         = 2097152                                   {product} {ergonomic}
    uintx GCDrainStackTargetSize                   = 64                                        {product} {ergonomic}
   size_t InitialHeapSize                          = 8388608                                   {product} {command line}
   size_t MarkStackSize                            = 4194304                                   {product} {ergonomic}
   size_t MaxHeapSize                              = 4102029312                                {product} {ergonomic}
   size_t MaxNewSize                               = 2459959296                                {product} {ergonomic}
   size_t MinHeapDeltaBytes                        = 2097152                                   {product} {ergonomic}
   size_t MinHeapSize                              = 8388608                                   {product} {command line}
    uintx NonNMethodCodeHeapSize                   = 5839372                                {pd product} {ergonomic}
    uintx NonProfiledCodeHeapSize                  = 122909434                              {pd product} {ergonomic}
    uintx ProfiledCodeHeapSize                     = 122909434                              {pd product} {ergonomic}
    uintx ReservedCodeCacheSize                    = 251658240                              {pd product} {ergonomic}
     bool SegmentedCodeCache                       = true                                      {product} {ergonomic}
   size_t SoftMaxHeapSize                          = 4102029312                             {manageable} {ergonomic}
     bool UseCompressedClassPointers               = true                           {product lp64_product} {ergonomic}
     bool UseCompressedOops                        = true                           {product lp64_product} {ergonomic}
     bool UseG1GC                                  = true                                      {product} {ergonomic}

Logging:
Log output configuration:
 #0: stdout all=warning uptime,level,tags
 #1: stderr all=off uptime,level,tags

Environment Variables:
JAVA_HOME=/usr/lib/jvm/java-17-openjdk-amd64
PATH=/usr/local/sbin:/usr/local/bin:/usr/sbin:/usr/bin:/sbin:/bin:/usr/games:/usr/local/games:/snap/bin:/snap/bin:/home/haider/Android/Sdk/emulator:/home/haider/Android/Sdk/platform-tools
USERNAME=haider
SHELL=/bin/bash
DISPLAY=:0
LANG=en_US.UTF-8
LC_NUMERIC=ur_PK
LC_TIME=ur_PK
TERM=xterm-256color

Active Locale:
LC_ALL=LC_CTYPE=en_US.UTF-8;LC_NUMERIC=ur_PK;LC_TIME=ur_PK;LC_COLLATE=en_US.UTF-8;LC_MONETARY=ur_PK;LC_MESSAGES=en_US.UTF-8;LC_PAPER=ur_PK;LC_NAME=ur_PK;LC_ADDRESS=ur_PK;LC_TELEPHONE=ur_PK;LC_MEASUREMENT=ur_PK;LC_IDENTIFICATION=ur_PK
LC_COLLATE=en_US.UTF-8
LC_CTYPE=en_US.UTF-8
LC_MESSAGES=en_US.UTF-8
LC_MONETARY=ur_PK
LC_NUMERIC=ur_PK
LC_TIME=ur_PK

Signal Handlers:
   SIGSEGV: crash_handler in libjvm.so, mask=11100100010111111101111111111110, flags=SA_RESTART|SA_SIGINFO, unblocked
    SIGBUS: crash_handler in libjvm.so, mask=11100100010111111101111111111110, flags=SA_RESTART|SA_SIGINFO, unblocked
    SIGFPE: crash_handler in libjvm.so, mask=11100100010111111101111111111110, flags=SA_RESTART|SA_SIGINFO, unblocked
   SIGPIPE: javaSignalHandler in libjvm.so, mask=11100100010111111101111111111110, flags=SA_RESTART|SA_SIGINFO, blocked
   SIGXFSZ: javaSignalHandler in libjvm.so, mask=11100100010111111101111111111110, flags=SA_RESTART|SA_SIGINFO, blocked
    SIGILL: crash_handler in libjvm.so, mask=11100100010111111101111111111110, flags=SA_RESTART|SA_SIGINFO, unblocked
   SIGUSR2: SR_handler in libjvm.so, mask=00000000000000000000000000000000, flags=SA_RESTART|SA_SIGINFO, blocked
    SIGHUP: UserHandler in libjvm.so, mask=11100100010111111101111111111110, flags=SA_RESTART|SA_SIGINFO, blocked
    SIGINT: UserHandler in libjvm.so, mask=11100100010111111101111111111110, flags=SA_RESTART|SA_SIGINFO, blocked
   SIGTERM: UserHandler in libjvm.so, mask=11100100010111111101111111111110, flags=SA_RESTART|SA_SIGINFO, blocked
   SIGQUIT: UserHandler in libjvm.so, mask=11100100010111111101111111111110, flags=SA_RESTART|SA_SIGINFO, blocked
   SIGTRAP: crash_handler in libjvm.so, mask=11100100010111111101111111111110, flags=SA_RESTART|SA_SIGINFO, unblocked


---------------  S Y S T E M  ---------------

OS:
DISTRIB_ID=Ubuntu
DISTRIB_RELEASE=22.04
DISTRIB_CODENAME=jammy
DISTRIB_DESCRIPTION="Ubuntu 22.04.2 LTS"
uname: Linux 5.19.0-43-generic #44~22.04.1-Ubuntu SMP PREEMPT_DYNAMIC Mon May 22 13:39:36 UTC 2 x86_64
OS uptime: 0 days 3:40 hours
libc: glibc 2.35 NPTL 2.35 
rlimit (soft/hard): STACK 8192k/infinity , CORE 0k/infinity , NPROC 62268/62268 , NOFILE 1048576/1048576 , AS infinity/infinity , CPU infinity/infinity , DATA infinity/infinity , FSIZE infinity/infinity , MEMLOCK 2002548k/2002548k
load average: 5.22 4.89 4.81

/proc/meminfo:
MemTotal:       16020384 kB
MemFree:          674932 kB
MemAvailable:    9019220 kB
Buffers:          263788 kB
Cached:          8871960 kB
SwapCached:        17448 kB
Active:          3625996 kB
Inactive:       10324260 kB
Active(anon):     930160 kB
Inactive(anon):  5047584 kB
Active(file):    2695836 kB
Inactive(file):  5276676 kB
Unevictable:       70248 kB
Mlocked:              64 kB
SwapTotal:       2097148 kB
SwapFree:        1263356 kB
Zswap:                 0 kB
Zswapped:              0 kB
Dirty:             47852 kB
Writeback:             0 kB
AnonPages:       4877308 kB
Mapped:          2259944 kB
Shmem:           1164384 kB
KReclaimable:     713368 kB
Slab:            1054512 kB
SReclaimable:     713368 kB
SUnreclaim:       341144 kB
KernelStack:       25064 kB
PageTables:        79132 kB
NFS_Unstable:          0 kB
Bounce:                0 kB
WritebackTmp:          0 kB
CommitLimit:    10107340 kB
Committed_AS:   18999604 kB
VmallocTotal:   34359738367 kB
VmallocUsed:      110524 kB
VmallocChunk:          0 kB
Percpu:            11168 kB
HardwareCorrupted:     0 kB
AnonHugePages:      2048 kB
ShmemHugePages:        0 kB
ShmemPmdMapped:        0 kB
FileHugePages:         0 kB
FilePmdMapped:         0 kB
HugePages_Total:       0
HugePages_Free:        0
HugePages_Rsvd:        0
HugePages_Surp:        0
Hugepagesize:       2048 kB
Hugetlb:               0 kB
DirectMap4k:      580520 kB
DirectMap2M:    15831040 kB
DirectMap1G:           0 kB

/sys/kernel/mm/transparent_hugepage/enabled: always [madvise] never
/sys/kernel/mm/transparent_hugepage/defrag (defrag/compaction efforts parameter): always defer defer+madvise [madvise] never

Process Memory:
Virtual Size: 6775496K (peak: 6836624K)
Resident Set Size: 36744K (peak: 36744K) (anon: 14752K, file: 21992K, shmem: 0K)
Swapped out: 0K
C-Heap outstanding allocations: 25486K, retained: 1949K
glibc malloc tunables: (default)

/proc/sys/kernel/threads-max (system-wide limit on the number of threads): 124536
/proc/sys/vm/max_map_count (maximum number of memory map areas a process may have): 65530
/proc/sys/kernel/pid_max (system-wide limit on number of process identifiers): 4194304

container (cgroup) information:
container_type: cgroupv2
cpu_cpuset_cpus: not supported
cpu_memory_nodes: not supported
active_processor_count: 8
cpu_quota: not supported
cpu_period: not supported
cpu_shares: not supported
memory_limit_in_bytes: unlimited
memory_and_swap_limit_in_bytes: unlimited
memory_soft_limit_in_bytes: unlimited
memory_usage_in_bytes: 4513496 k
memory_max_usage_in_bytes: not supported
memory_swap_current_in_bytes: 401468 k
memory_swap_max_limit_in_bytes: unlimited
maximum number of tasks: 18680
current number of tasks: 418

Steal ticks since vm start: 0
Steal ticks percentage since vm start:  0.000

CPU: total 8 (initial active 8) (4 cores per cpu, 2 threads per core) family 6 model 140 stepping 1 microcode 0xa6, cx8, cmov, fxsr, ht, mmx, 3dnowpref, sse, sse2, sse3, ssse3, sse4.1, sse4.2, popcnt, lzcnt, tsc, tscinvbit, avx, avx2, aes, erms, clmul, bmi1, bmi2, adx, avx512f, avx512dq, avx512cd, avx512bw, avx512vl, sha, fma, vzeroupper, avx512_vpopcntdq, avx512_vpclmulqdq, avx512_vaes, avx512_vnni, clflush, clflushopt, clwb, avx512_vbmi2, avx512_vbmi
CPU Model and flags from /proc/cpuinfo:
model name	: 11th Gen Intel(R) Core(TM) i5-1135G7 @ 2.40GHz
flags		: fpu vme de pse tsc msr pae mce cx8 apic sep mtrr pge mca cmov pat pse36 clflush dts acpi mmx fxsr sse sse2 ss ht tm pbe syscall nx pdpe1gb rdtscp lm constant_tsc art arch_perfmon pebs bts rep_good nopl xtopology nonstop_tsc cpuid aperfmperf tsc_known_freq pni pclmulqdq dtes64 monitor ds_cpl vmx est tm2 ssse3 sdbg fma cx16 xtpr pdcm pcid sse4_1 sse4_2 x2apic movbe popcnt tsc_deadline_timer aes xsave avx f16c rdrand lahf_lm abm 3dnowprefetch cpuid_fault epb cat_l2 invpcid_single cdp_l2 ssbd ibrs ibpb stibp ibrs_enhanced tpr_shadow vnmi flexpriority ept vpid ept_ad fsgsbase tsc_adjust bmi1 avx2 smep bmi2 erms invpcid rdt_a avx512f avx512dq rdseed adx smap avx512ifma clflushopt clwb intel_pt avx512cd sha_ni avx512bw avx512vl xsaveopt xsavec xgetbv1 xsaves split_lock_detect dtherm ida arat pln pts hwp hwp_notify hwp_act_window hwp_epp hwp_pkg_req avx512vbmi umip pku ospke avx512_vbmi2 gfni vaes vpclmulqdq avx512_vnni avx512_bitalg avx512_vpopcntdq rdpid movdiri movdir64b fsrm avx512_vp2intersect md_clear ibt flush_l1d arch_capabilities

Online cpus: 0-7
Offline cpus: 
BIOS frequency limitation: <Not Available>
Frequency switch latency (ns): 0
Available cpu frequencies: <Not Available>
Current governor: powersave
Core performance/turbo boost: <Not Available>

Memory: 4k page, physical 16020384k(674428k free), swap 2097148k(1263356k free)
Page Sizes: 4k

vm_info: OpenJDK 64-Bit Server VM (17.0.7+7) for linux-amd64 JRE (17.0.7+7), built on Apr 18 2023 00:00:00 by "temurin" with gcc 10.3.0

END.
